0 info it worked if it ends with ok
1 verbose cli [ 'node', '/usr/local/bin/npm', 'publish' ]
2 info using npm@2.7.5
3 info using node@v0.12.2
4 verbose node symlink /usr/local/bin/node
5 verbose publish [ '.' ]
6 silly cache add args [ '.', null ]
7 verbose cache add spec .
8 silly cache add parsed spec { raw: '.',
8 silly cache add   scope: null,
8 silly cache add   name: null,
8 silly cache add   rawSpec: '.',
8 silly cache add   spec: '/Users/alexbaulch/Sites/npm/npm-modules/remove-event-listener',
8 silly cache add   type: 'directory' }
9 verbose addLocalDirectory /Users/alexbaulch/.npm/@alexbaulch/remove-event-listener/0.1.0/package.tgz not in flight; packing
10 verbose tar pack [ '/Users/alexbaulch/.npm/@alexbaulch/remove-event-listener/0.1.0/package.tgz',
10 verbose tar pack   '/Users/alexbaulch/Sites/npm/npm-modules/remove-event-listener' ]
11 verbose tarball /Users/alexbaulch/.npm/@alexbaulch/remove-event-listener/0.1.0/package.tgz
12 verbose folder /Users/alexbaulch/Sites/npm/npm-modules/remove-event-listener
13 info prepublish @alexbaulch/remove-event-listener@0.1.0
14 verbose addLocalTarball adding from inside cache /Users/alexbaulch/.npm/@alexbaulch/remove-event-listener/0.1.0/package.tgz
15 silly cache afterAdd @alexbaulch/remove-event-listener@0.1.0
16 verbose afterAdd /Users/alexbaulch/.npm/@alexbaulch/remove-event-listener/0.1.0/package/package.json not in flight; writing
17 verbose afterAdd /Users/alexbaulch/.npm/@alexbaulch/remove-event-listener/0.1.0/package/package.json written
18 silly publish { name: '@alexbaulch/remove-event-listener',
18 silly publish   version: '0.1.0',
18 silly publish   description: 'ie8 compatible helper for removing an vent listener',
18 silly publish   main: 'index.js',
18 silly publish   scripts: { test: 'echo "Error: no test specified" && exit 1' },
18 silly publish   keywords: [ 'ie8', 'browserify', 'commonjs' ],
18 silly publish   author: { name: 'Alex Baulch' },
18 silly publish   license: 'MIT',
18 silly publish   readme: 'ERROR: No README data found!',
18 silly publish   _id: '@alexbaulch/remove-event-listener@0.1.0',
18 silly publish   _shasum: '4b15bca4da3add20b06ca83b165c53f195354bed',
18 silly publish   _from: '.' }
19 silly mapToRegistry name @alexbaulch/remove-event-listener
20 silly mapToRegistry scope (from package name) @alexbaulch
21 verbose mapToRegistry no registry URL found in name for scope @alexbaulch
22 silly mapToRegistry using default registry
23 silly mapToRegistry registry https://registry.npmjs.org/
24 silly mapToRegistry uri https://registry.npmjs.org/@alexbaulch%2fremove-event-listener
25 verbose publish registryBase https://registry.npmjs.org/
26 silly publish uploading /Users/alexbaulch/.npm/@alexbaulch/remove-event-listener/0.1.0/package.tgz
27 verbose request uri https://registry.npmjs.org/@alexbaulch%2fremove-event-listener
28 verbose request sending authorization for write operation
29 info attempt registry request try #1 at 14:36:47
30 verbose request using bearer token for auth
31 verbose request id 9c842bb74a5e3eee
32 http request PUT https://registry.npmjs.org/@alexbaulch%2fremove-event-listener
33 http 403 https://registry.npmjs.org/@alexbaulch%2fremove-event-listener
34 verbose headers { 'content-type': 'application/json',
34 verbose headers   'cache-control': 'max-age=0',
34 verbose headers   'content-length': '95',
34 verbose headers   'accept-ranges': 'bytes',
34 verbose headers   date: 'Fri, 01 May 2015 13:36:48 GMT',
34 verbose headers   via: '1.1 varnish',
34 verbose headers   connection: 'keep-alive',
34 verbose headers   'x-served-by': 'cache-ams4144-AMS',
34 verbose headers   'x-cache': 'MISS',
34 verbose headers   'x-cache-hits': '0',
34 verbose headers   'x-timer': 'S1430487407.916609,VS0,VE672' }
35 verbose request invalidating /Users/alexbaulch/.npm/registry.npmjs.org/_40alexbaulch_252fremove-event-listener on PUT
36 error publish Failed PUT 403
37 verbose stack Error: "You cannot publish over the previously published version 0.1.0." : @alexbaulch%2fremove-event-listener
37 verbose stack     at CachingRegistryClient.<anonymous> (/usr/local/lib/node_modules/npm/node_modules/npm-registry-client/lib/request.js:247:14)
37 verbose stack     at Request._callback (/usr/local/lib/node_modules/npm/node_modules/npm-registry-client/lib/request.js:170:14)
37 verbose stack     at Request.self.callback (/usr/local/lib/node_modules/npm/node_modules/request/request.js:360:22)
37 verbose stack     at Request.emit (events.js:110:17)
37 verbose stack     at Request.<anonymous> (/usr/local/lib/node_modules/npm/node_modules/request/request.js:1202:14)
37 verbose stack     at Request.emit (events.js:129:20)
37 verbose stack     at IncomingMessage.<anonymous> (/usr/local/lib/node_modules/npm/node_modules/request/request.js:1150:12)
37 verbose stack     at IncomingMessage.emit (events.js:129:20)
37 verbose stack     at _stream_readable.js:908:16
37 verbose stack     at process._tickCallback (node.js:355:11)
38 verbose statusCode 403
39 verbose pkgid @alexbaulch%2fremove-event-listener
40 verbose cwd /Users/alexbaulch/Sites/npm/npm-modules/remove-event-listener
41 error Darwin 14.3.0
42 error argv "node" "/usr/local/bin/npm" "publish"
43 error node v0.12.2
44 error npm  v2.7.5
45 error code E403
46 error "You cannot publish over the previously published version 0.1.0." : @alexbaulch%2fremove-event-listener
47 error If you need help, you may report this error at:
47 error     <https://github.com/npm/npm/issues>
48 verbose exit [ 1, true ]
